{"level":30,"time":1722432721793,"pid":7944,"hostname":"DESKTOP-T2H6NFE","msg":"Server listening at http://[::1]:1738"}
{"level":30,"time":1722432721800,"pid":7944,"hostname":"DESKTOP-T2H6NFE","msg":"⚡ Server listening on port 1738"}
{"level":30,"time":1722432721804,"pid":7944,"hostname":"DESKTOP-T2H6NFE","msg":"└── / (GET)\n    ├── /\n    ├── * (OPTIONS)\n    ├── public/\n    │   └── * (HEAD)\n    │       * (GET)\n    ├── documentation (GET)\n    │   ├── /static/* (HEAD)\n    │   └── / (GET)\n    │       ├── uiConfig (GET)\n    │       ├── initOAuth (GET)\n    │       ├── json (GET)\n    │       ├── yaml (GET)\n    │       ├── static/* (GET)\n    │       └── * (GET)\n    └── api/v1/ping (GET)\n"}
{"level":30,"time":1722432731090,"pid":6692,"hostname":"DESKTOP-T2H6NFE","msg":"Server listening at http://[::1]:1738"}
{"level":30,"time":1722432731094,"pid":6692,"hostname":"DESKTOP-T2H6NFE","msg":"⚡ Server listening on port 1738"}
{"level":30,"time":1722432731098,"pid":6692,"hostname":"DESKTOP-T2H6NFE","msg":"└── / (GET)\n    ├── /\n    ├── * (OPTIONS)\n    ├── public/\n    │   └── * (HEAD)\n    │       * (GET)\n    ├── documentation (GET)\n    │   ├── /static/* (HEAD)\n    │   └── / (GET)\n    │       ├── uiConfig (GET)\n    │       ├── initOAuth (GET)\n    │       ├── json (GET)\n    │       ├── yaml (GET)\n    │       ├── static/* (GET)\n    │       └── * (GET)\n    └── api/v1/ping (GET)\n"}
{"level":30,"time":1722432738666,"pid":8320,"hostname":"DESKTOP-T2H6NFE","msg":"Server listening at http://[::1]:1738"}
{"level":30,"time":1722432738676,"pid":8320,"hostname":"DESKTOP-T2H6NFE","msg":"⚡ Server listening on port 1738"}
{"level":30,"time":1722432738697,"pid":8320,"hostname":"DESKTOP-T2H6NFE","msg":"└── / (GET)\n    ├── /\n    ├── * (OPTIONS)\n    ├── public/\n    │   └── * (HEAD)\n    │       * (GET)\n    ├── documentation (GET)\n    │   ├── /static/* (HEAD)\n    │   └── / (GET)\n    │       ├── uiConfig (GET)\n    │       ├── initOAuth (GET)\n    │       ├── json (GET)\n    │       ├── yaml (GET)\n    │       ├── static/* (GET)\n    │       └── * (GET)\n    └── api/v1/ping (GET)\n"}
{"level":30,"time":1722432773735,"pid":8328,"hostname":"DESKTOP-T2H6NFE","msg":"Server listening at http://[::1]:1738"}
{"level":30,"time":1722432773739,"pid":8328,"hostname":"DESKTOP-T2H6NFE","msg":"⚡ Server listening on port 1738"}
{"level":30,"time":1722432773741,"pid":8328,"hostname":"DESKTOP-T2H6NFE","msg":"└── / (GET)\n    ├── /\n    ├── * (OPTIONS)\n    ├── public/\n    │   └── * (HEAD)\n    │       * (GET)\n    ├── documentation (GET)\n    │   ├── /static/* (HEAD)\n    │   └── / (GET)\n    │       ├── uiConfig (GET)\n    │       ├── initOAuth (GET)\n    │       ├── json (GET)\n    │       ├── yaml (GET)\n    │       ├── static/* (GET)\n    │       └── * (GET)\n    └── api/v1/ping (GET)\n"}
{"level":30,"time":1722432778845,"pid":8328,"hostname":"DESKTOP-T2H6NFE","reqId":"req-1","req":{"method":"GET","url":"/documentation/json","hostname":"localhost:1738","remoteAddress":"::1","remotePort":61406},"msg":"incoming request"}
{"level":30,"time":1722432778864,"pid":8328,"hostname":"DESKTOP-T2H6NFE","reqId":"req-1","res":{"statusCode":200},"responseTime":15.776299998164177,"msg":"request completed"}
{"level":30,"time":1722432782627,"pid":8328,"hostname":"DESKTOP-T2H6NFE","reqId":"req-2","req":{"method":"GET","url":"/","hostname":"localhost:1738","remoteAddress":"::1","remotePort":61406},"msg":"incoming request"}
{"level":50,"time":1722432782634,"pid":8328,"hostname":"DESKTOP-T2H6NFE","reqId":"req-2","err":{"type":"FastifyError","message":"Promise may not be fulfilled with 'undefined' when statusCode is not 204","stack":"FastifyError: Promise may not be fulfilled with 'undefined' when statusCode is not 204\n    at A:\\Projects\\fastifyv3\\node_modules\\.pnpm\\fastify@3.29.5\\node_modules\\fastify\\lib\\wrapThenable.js:30:30\n    at process.processTicksAndRejections (node:internal/process/task_queues:95:5)","name":"FastifyError","code":"FST_ERR_PROMISE_NOT_FULFILLED","statusCode":500},"msg":"Promise may not be fulfilled with 'undefined' when statusCode is not 204"}
{"level":30,"time":1722432782642,"pid":8328,"hostname":"DESKTOP-T2H6NFE","reqId":"req-2","res":{"statusCode":304},"responseTime":13.784400001168251,"msg":"request completed"}
{"level":30,"time":1722432784351,"pid":8328,"hostname":"DESKTOP-T2H6NFE","reqId":"req-3","req":{"method":"GET","url":"/","hostname":"localhost:1738","remoteAddress":"::1","remotePort":61406},"msg":"incoming request"}
{"level":50,"time":1722432784353,"pid":8328,"hostname":"DESKTOP-T2H6NFE","reqId":"req-3","err":{"type":"FastifyError","message":"Promise may not be fulfilled with 'undefined' when statusCode is not 204","stack":"FastifyError: Promise may not be fulfilled with 'undefined' when statusCode is not 204\n    at A:\\Projects\\fastifyv3\\node_modules\\.pnpm\\fastify@3.29.5\\node_modules\\fastify\\lib\\wrapThenable.js:30:30\n    at process.processTicksAndRejections (node:internal/process/task_queues:95:5)","name":"FastifyError","code":"FST_ERR_PROMISE_NOT_FULFILLED","statusCode":500},"msg":"Promise may not be fulfilled with 'undefined' when statusCode is not 204"}
{"level":30,"time":1722432784356,"pid":8328,"hostname":"DESKTOP-T2H6NFE","reqId":"req-3","res":{"statusCode":304},"responseTime":4.803400009870529,"msg":"request completed"}
{"level":30,"time":1722432784566,"pid":8328,"hostname":"DESKTOP-T2H6NFE","reqId":"req-4","req":{"method":"GET","url":"/public/icon.svg","hostname":"localhost:1738","remoteAddress":"::1","remotePort":61406},"msg":"incoming request"}
{"level":30,"time":1722432784570,"pid":8328,"hostname":"DESKTOP-T2H6NFE","reqId":"req-4","res":{"statusCode":304},"responseTime":3.3464999943971634,"msg":"request completed"}
